<?xml version="1.0" encoding="UTF-8"?>
<!-- Generated by org.testng.reporters.JUnitReportReporter -->
<testsuite hostname="CBT-CAB01-089" name="com.liqvid.scripts.RegistrationTest" tests="1" failures="0" timestamp="19 Aug 2016 11:49:34 GMT" time="6.831" errors="0">
  <testcase name="inValidProductKey" time="6.831" classname="com.liqvid.scripts.RegistrationTest"/>
</testsuite> <!-- com.liqvid.scripts.RegistrationTest -->
