<?xml version="1.0" encoding="UTF-8"?>
<!-- Generated by org.testng.reporters.JUnitReportReporter -->
<testsuite hostname="CBT-CAB01-089" name="com.liqvid.scripts.StudentTest" tests="1" failures="0" timestamp="24 Aug 2016 09:23:37 GMT" time="46.785" errors="0">
  <testcase name="studentStartCourse" time="46.785" classname="com.liqvid.scripts.StudentTest"/>
</testsuite> <!-- com.liqvid.scripts.StudentTest -->
