<?xml version="1.0" encoding="UTF-8"?>
<!-- Generated by org.testng.reporters.JUnitReportReporter -->
<testsuite hostname="CBT-CAB01-089" name="com.liqvid.installation.LiqvidInstallation" tests="1" failures="0" timestamp="18 Aug 2016 11:42:33 GMT" time="8.043" errors="0">
  <testcase name="liqvidInstallation" time="8.043" classname="com.liqvid.installation.LiqvidInstallation"/>
</testsuite> <!-- com.liqvid.installation.LiqvidInstallation -->
