<?xml version="1.0" encoding="UTF-8"?>
<!-- Generated by org.testng.reporters.JUnitReportReporter -->
<testsuite hostname="office-PC" name="Jul11TestNG.DemoTestNg" tests="3" failures="0" timestamp="12 Jul 2016 03:54:03 GMT" time="0.014" errors="0">
  <testcase name="registerUser" time="0.004" classname="Jul11TestNG.DemoTestNg"/>
  <testcase name="deleteUser" time="0.003" classname="Jul11TestNG.DemoTestNg"/>
  <testcase name="registerUser" time="0.007" classname="Jul11TestNG.DemoTestNg"/>
</testsuite> <!-- Jul11TestNG.DemoTestNg -->
