<?xml version="1.0" encoding="UTF-8"?>
<!-- Generated by org.testng.reporters.JUnitReportReporter -->
<testsuite hostname="office-PC" name="Jun24synchronization.FluentWait_AdvnceofExplicitWait$Explicitwait_Fluentwait" tests="1" failures="0" timestamp="8 Jul 2016 04:36:09 GMT" time="24.961" errors="0">
  <testcase name="fluentwaitTest" time="24.961" classname="Jun24synchronization.FluentWait_AdvnceofExplicitWait$Explicitwait_Fluentwait"/>
</testsuite> <!-- Jun24synchronization.FluentWait_AdvnceofExplicitWait$Explicitwait_Fluentwait -->
