<?xml version="1.0" encoding="UTF-8"?>
<!-- Generated by org.testng.reporters.JUnitReportReporter -->
<testsuite hostname="office-PC" name="Jul11TestNGSuite.DemoC" tests="3" failures="0" timestamp="14 Jul 2016 18:32:12 GMT" time="0.010" errors="0">
  <testcase name="deleteUser" time="0.003" classname="Jul11TestNGSuite.DemoC"/>
  <testcase name="registerUser" time="0.004" classname="Jul11TestNGSuite.DemoC"/>
  <testcase name="registerUser" time="0.003" classname="Jul11TestNGSuite.DemoC"/>
</testsuite> <!-- Jul11TestNGSuite.DemoC -->
