<?xml version="1.0" encoding="UTF-8"?>
<!-- Generated by org.testng.reporters.JUnitReportReporter -->
<testsuite hostname="office-PC" name="Jul12TestNG.testMethodwithMultipleInputs" tests="2" failures="0" timestamp="18 Jul 2016 19:45:19 GMT" time="0.026" errors="0">
  <testcase name="createUser" time="0.022" classname="Jul12TestNG.testMethodwithMultipleInputs"/>
  <testcase name="createUser" time="0.004" classname="Jul12TestNG.testMethodwithMultipleInputs"/>
</testsuite> <!-- Jul12TestNG.testMethodwithMultipleInputs -->
