<?xml version="1.0" encoding="UTF-8"?>
<!-- Generated by org.testng.reporters.JUnitReportReporter -->
<testsuite hostname="office-PC" name="Jul11TestNG.DemodependsonMethods" tests="2" failures="0" timestamp="13 Jul 2016 03:00:35 GMT" time="0.020" errors="0">
  <testcase name="deleterUser" time="0.000" classname="Jul11TestNG.DemodependsonMethods"/>
  <testcase name="registerUser" time="0.020" classname="Jul11TestNG.DemodependsonMethods"/>
</testsuite> <!-- Jul11TestNG.DemodependsonMethods -->
