<?xml version="1.0" encoding="UTF-8"?>
<!-- Generated by org.testng.reporters.JUnitReportReporter -->
<testsuite hostname="office-PC" name="Jul12TestNG.softAssertDemo" tests="1" failures="0" timestamp="14 Jul 2016 06:32:33 GMT" time="16.728" errors="0">
  <testcase name="testB" time="16.728" classname="Jul12TestNG.softAssertDemo"/>
</testsuite> <!-- Jul12TestNG.softAssertDemo -->
