<?xml version="1.0" encoding="UTF-8"?>
<!-- Generated by org.testng.reporters.JUnitReportReporter -->
<testsuite hostname="office-PC" name="Jul11TestNGSuite.DemoA" tests="2" failures="0" timestamp="14 Jul 2016 18:32:12 GMT" time="0.018" errors="0">
  <testcase name="registerUser" time="0.015" classname="Jul11TestNGSuite.DemoA"/>
  <testcase name="registerUser" time="0.003" classname="Jul11TestNGSuite.DemoA"/>
</testsuite> <!-- Jul11TestNGSuite.DemoA -->
