<?xml version="1.0" encoding="UTF-8"?>
<!-- Generated by org.testng.reporters.JUnitReportReporter -->
<testsuite hostname="office-PC" name="Jul11TestNGSuite.DemoB" tests="2" failures="0" timestamp="14 Jul 2016 18:32:12 GMT" time="0.022" errors="0">
  <testcase name="deleteUser" time="0.006" classname="Jul11TestNGSuite.DemoB"/>
  <testcase name="deleteUser" time="0.016" classname="Jul11TestNGSuite.DemoB"/>
</testsuite> <!-- Jul11TestNGSuite.DemoB -->
